  MorseGenerator.cpp
C:\Users\gruiachiscop\Tonic\src\Tonic\TonicCore.h(188,9): warning C4068: unknown pragma 'mark'
  (compiling source file 'MorseGenerator.cpp')
  
C:\Users\gruiachiscop\Tonic\src\Tonic\TonicFrames.h(166,56): warning C4267: 'return': conversion from 'size_t' to 'unsigned long', possible loss of data
  (compiling source file 'MorseGenerator.cpp')
  
C:\Users\gruiachiscop\Tonic\src\Tonic\ControlArithmetic.h(35,53): warning C4267: 'return': conversion from 'size_t' to 'unsigned long', possible loss of data
  (compiling source file 'MorseGenerator.cpp')
  
C:\Users\gruiachiscop\Tonic\src\Tonic\ControlArithmetic.h(183,53): warning C4267: 'return': conversion from 'size_t' to 'unsigned long', possible loss of data
  (compiling source file 'MorseGenerator.cpp')
  
C:\Users\gruiachiscop\Tonic\src\Tonic\MonoToStereoPanner.h(45,21): warning C4244: 'initializing': conversion from 'double' to 'float', possible loss of data
  (compiling source file 'MorseGenerator.cpp')
  
C:\Users\gruiachiscop\Tonic\src\Tonic\RampedValue.h(66,29): warning C4244: 'initializing': conversion from 'TonicFloat' to 'unsigned long', possible loss of data
  (compiling source file 'MorseGenerator.cpp')
  
C:\Users\gruiachiscop\Tonic\src\Tonic\RampedValue.h(167,9): warning C4068: unknown pragma 'mark'
  (compiling source file 'MorseGenerator.cpp')
  
C:\Users\gruiachiscop\Tonic\src\Tonic\RampedValue.h(181,9): warning C4068: unknown pragma 'mark'
  (compiling source file 'MorseGenerator.cpp')
  
C:\Users\gruiachiscop\Tonic\src\Tonic\BufferFiller.h(83,59): warning C4267: 'initializing': conversion from 'size_t' to 'unsigned long', possible loss of data
  (compiling source file 'MorseGenerator.cpp')
  
C:\Users\gruiachiscop\Tonic\src\Tonic\BufferFiller.h(83,39): warning C4267: 'initializing': conversion from 'size_t' to 'const unsigned long', possible loss of data
  (compiling source file 'MorseGenerator.cpp')
  
C:\Users\gruiachiscop\Tonic\src\Tonic\DelayUtils.h(60,65): warning C4244: 'argument': conversion from 'size_t' to 'TonicFloat', possible loss of data
  (compiling source file 'MorseGenerator.cpp')
  
C:\Users\gruiachiscop\Tonic\src\Tonic\DelayUtils.h(73,38): warning C4267: '-=': conversion from 'size_t' to 'int', possible loss of data
  (compiling source file 'MorseGenerator.cpp')
  
C:\Users\gruiachiscop\Tonic\src\Tonic\DelayUtils.h(75,38): warning C4267: '-=': conversion from 'size_t' to 'int', possible loss of data
  (compiling source file 'MorseGenerator.cpp')
  
C:\Users\gruiachiscop\Tonic\src\Tonic\FilterUtils.h(35,35): warning C4244: '=': conversion from 'double' to 'TonicFloat', possible loss of data
  (compiling source file 'MorseGenerator.cpp')
  
C:\Users\gruiachiscop\Tonic\src\Tonic\FilterUtils.h(65,9): warning C4068: unknown pragma 'mark'
  (compiling source file 'MorseGenerator.cpp')
  
C:\Users\gruiachiscop\Tonic\src\Tonic\TableLookupOsc.h(69,31): warning C4267: 'initializing': conversion from 'size_t' to 'unsigned long', possible loss of data
  (compiling source file 'MorseGenerator.cpp')
  
C:\Users\gruiachiscop\Tonic\src\Tonic\TableLookupOsc.h(112,25): warning C4244: '=': conversion from 'double' to 'TonicFloat', possible loss of data
  (compiling source file 'MorseGenerator.cpp')
  
C:\Users\gruiachiscop\Tonic\src\Tonic\SawtoothWave.h(92,21): warning C4244: '=': conversion from 'double' to 'TonicFloat', possible loss of data
  (compiling source file 'MorseGenerator.cpp')
  
C:\Users\gruiachiscop\Tonic\src\Tonic\Filters.h(33,9): warning C4068: unknown pragma 'mark'
  (compiling source file 'MorseGenerator.cpp')
  
C:\Users\gruiachiscop\Tonic\src\Tonic\Filters.h(89,33): warning C4305: 'argument': truncation from 'double' to 'TonicFloat'
  (compiling source file 'MorseGenerator.cpp')
  
C:\Users\gruiachiscop\Tonic\src\Tonic\Filters.h(401,9): warning C4068: unknown pragma 'mark'
  (compiling source file 'MorseGenerator.cpp')
  
C:\Users\gruiachiscop\Tonic\src\Tonic\BitCrusher.h(43,25): warning C4244: 'initializing': conversion from 'double' to 'float', possible loss of data
  (compiling source file 'MorseGenerator.cpp')
  
C:\Users\gruiachiscop\Tonic\src\Tonic\BitCrusher.h(47,28): warning C4244: 'initializing': conversion from 'float' to 'TonicInt32', possible loss of data
  (compiling source file 'MorseGenerator.cpp')
  
C:\Users\gruiachiscop\Tonic\src\Tonic\ADSR.h(142,27): warning C4018: '<=': signed/unsigned mismatch
  (compiling source file 'MorseGenerator.cpp')
  
C:\Users\gruiachiscop\Tonic\src\Tonic\LFNoise.h(44,35): warning C4244: '=': conversion from 'TonicFloat' to 'long', possible loss of data
  (compiling source file 'MorseGenerator.cpp')
  
C:\Users\gruiachiscop\Tonic\src\Tonic\LFNoise.h(45,41): warning C4244: 'argument': conversion from 'long' to 'const _Ty', possible loss of data
C:\Users\gruiachiscop\Tonic\src\Tonic\LFNoise.h(45,41): warning C4244:         with
C:\Users\gruiachiscop\Tonic\src\Tonic\LFNoise.h(45,41): warning C4244:         [
C:\Users\gruiachiscop\Tonic\src\Tonic\LFNoise.h(45,41): warning C4244:             _Ty=float
C:\Users\gruiachiscop\Tonic\src\Tonic\LFNoise.h(45,41): warning C4244:         ]
  (compiling source file 'MorseGenerator.cpp')
  
C:\Users\gruiachiscop\Tonic\src\Tonic\LFNoise.h(45,37): warning C4244: '=': conversion from 'const _Ty' to 'long', possible loss of data
C:\Users\gruiachiscop\Tonic\src\Tonic\LFNoise.h(45,37): warning C4244:         with
C:\Users\gruiachiscop\Tonic\src\Tonic\LFNoise.h(45,37): warning C4244:         [
C:\Users\gruiachiscop\Tonic\src\Tonic\LFNoise.h(45,37): warning C4244:             _Ty=float
C:\Users\gruiachiscop\Tonic\src\Tonic\LFNoise.h(45,37): warning C4244:         ]
  (compiling source file 'MorseGenerator.cpp')
  
C:\Users\gruiachiscop\Tonic\src\Tonic\LFNoise.h(52,26): warning C4018: '<': signed/unsigned mismatch
  (compiling source file 'MorseGenerator.cpp')
  
C:\Users\gruiachiscop\Tonic\src\Tonic\ControlDelay.h(51,30): warning C4244: 'initializing': conversion from 'TonicFloat' to 'unsigned int', possible loss of data
  (compiling source file 'MorseGenerator.cpp')
  
C:\Users\gruiachiscop\Tonic\src\Tonic\ControlFloor.h(23,50): warning C4244: '=': conversion from 'int' to 'TonicFloat', possible loss of data
  (compiling source file 'MorseGenerator.cpp')
  
C:\Users\gruiachiscop\Tonic\src\Tonic\ControlMetro.h(42,34): warning C4305: 'argument': truncation from 'double' to 'TonicFloat'
  (compiling source file 'MorseGenerator.cpp')
  
C:\Users\gruiachiscop\Tonic\src\Tonic\ControlMetroDivider.h(44,30): warning C4244: 'initializing': conversion from 'TonicFloat' to 'unsigned int', possible loss of data
  (compiling source file 'MorseGenerator.cpp')
  
C:\Users\gruiachiscop\Tonic\src\Tonic\ControlSnapToScale.h(42,20): warning C4244: 'initializing': conversion from 'float' to 'int', possible loss of data
  (compiling source file 'MorseGenerator.cpp')
  
  MorseHub.vcxproj -> C:\Users\gruiachiscop\source\repos\MorseHub\x64\Debug\MorseHub.exe
